<?xml version="1.0" encoding="UTF-8"?>
<!-- Generated by org.testng.reporters.JUnitReportReporter -->
<testsuite hostname="LAPTOP-DKIBSMU3" failures="0" tests="9" name="se.nackademin.examination.examination_jacoco.GameTest" time="0.000" errors="0" timestamp="1 Apr 2021 23:16:23 GMT">
  <testcase classname="se.nackademin.examination.examination_jacoco.GameTest" name="testMethod1" time="0.000"/>
  <testcase classname="se.nackademin.examination.examination_jacoco.GameTest" name="testMethod4" time="0.000"/>
  <testcase classname="se.nackademin.examination.examination_jacoco.GameTest" name="testMethod3" time="0.000"/>
  <testcase classname="se.nackademin.examination.examination_jacoco.GameTest" name="testMethod2" time="0.000"/>
  <testcase classname="se.nackademin.examination.examination_jacoco.GameTest" name="testMethod6" time="0.000"/>
  <testcase classname="se.nackademin.examination.examination_jacoco.GameTest" name="testMethod9" time="0.000"/>
  <testcase classname="se.nackademin.examination.examination_jacoco.GameTest" name="testMethod7" time="0.000"/>
  <testcase classname="se.nackademin.examination.examination_jacoco.GameTest" name="testMethod8" time="0.000"/>
  <testcase classname="se.nackademin.examination.examination_jacoco.GameTest" name="testMethod5" time="0.000"/>
</testsuite> <!-- se.nackademin.examination.examination_jacoco.GameTest -->
