<?xml version="1.0" encoding="UTF-8"?>
<!-- Generated by org.testng.reporters.JUnitReportReporter -->
<testsuite hostname="LAPTOP-DKIBSMU3" failures="0" tests="4" name="se.nackademin.examination.examination_jacoco.ConversorTest" time="0.031" errors="0" timestamp="1 Apr 2021 23:16:23 GMT">
  <testcase classname="se.nackademin.examination.examination_jacoco.ConversorTest" name="testCityConversor" time="0.000"/>
  <testcase classname="se.nackademin.examination.examination_jacoco.ConversorTest" name="testAgeConversor" time="0.000"/>
  <testcase classname="se.nackademin.examination.examination_jacoco.ConversorTest" name="testGenderConversor" time="0.031"/>
  <testcase classname="se.nackademin.examination.examination_jacoco.ConversorTest" name="testNameConversor" time="0.000"/>
</testsuite> <!-- se.nackademin.examination.examination_jacoco.ConversorTest -->
